2011-05-14 21:01:17 Notice: Notice (1024): Please change the value of 'Security.salt' in app/config/core.php to a salt value specific to your application in [/var/www/cakephp/cake/libs/debugger.php, line 684]
2011-05-14 21:01:17 Notice: Notice (1024): Please change the value of 'Security.cipherSeed' in app/config/core.php to a numeric (digits only) seed value specific to your application in [/var/www/cakephp/cake/libs/debugger.php, line 688]
2011-05-14 21:02:20 Notice: Notice (1024): Please change the value of 'Security.salt' in app/config/core.php to a salt value specific to your application in [/var/www/cakephp/cake/libs/debugger.php, line 684]
2011-05-14 21:02:20 Notice: Notice (1024): Please change the value of 'Security.cipherSeed' in app/config/core.php to a numeric (digits only) seed value specific to your application in [/var/www/cakephp/cake/libs/debugger.php, line 688]
2011-05-14 21:04:14 Notice: Notice (1024): Please change the value of 'Security.salt' in app/config/core.php to a salt value specific to your application in [/var/www/cakephp/cake/libs/debugger.php, line 684]
2011-05-14 21:04:14 Notice: Notice (1024): Please change the value of 'Security.cipherSeed' in app/config/core.php to a numeric (digits only) seed value specific to your application in [/var/www/cakephp/cake/libs/debugger.php, line 688]
2011-05-14 21:04:38 Notice: Notice (1024): Please change the value of 'Security.salt' in app/config/core.php to a salt value specific to your application in [/var/www/cakephp/cake/libs/debugger.php, line 684]
2011-05-14 21:04:38 Notice: Notice (1024): Please change the value of 'Security.cipherSeed' in app/config/core.php to a numeric (digits only) seed value specific to your application in [/var/www/cakephp/cake/libs/debugger.php, line 688]
2011-05-14 21:04:39 Notice: Notice (1024): Please change the value of 'Security.salt' in app/config/core.php to a salt value specific to your application in [/var/www/cakephp/cake/libs/debugger.php, line 684]
2011-05-14 21:04:39 Notice: Notice (1024): Please change the value of 'Security.cipherSeed' in app/config/core.php to a numeric (digits only) seed value specific to your application in [/var/www/cakephp/cake/libs/debugger.php, line 688]
2011-05-14 21:04:50 Notice: Notice (1024): Please change the value of 'Security.salt' in app/config/core.php to a salt value specific to your application in [/var/www/cakephp/cake/libs/debugger.php, line 684]
2011-05-14 21:04:50 Notice: Notice (1024): Please change the value of 'Security.cipherSeed' in app/config/core.php to a numeric (digits only) seed value specific to your application in [/var/www/cakephp/cake/libs/debugger.php, line 688]
2011-05-25 00:04:41 Notice: Notice (8): session_start() [http://php.net/function.session-start]: ps_files_cleanup_dir: opendir(/var/lib/php5) failed: Permission denied (13) in [/var/www/cakephp/cake/libs/cake_session.php, line 587]
2011-05-25 00:35:16 Notice: Notice (8): session_start() [http://php.net/function.session-start]: ps_files_cleanup_dir: opendir(/var/lib/php5) failed: Permission denied (13) in [/var/www/cakephp/cake/libs/cake_session.php, line 587]
2011-05-25 01:01:25 Notice: Notice (1024): Please change the value of 'Security.salt' in app/config/core.php to a salt value specific to your application in [/var/www/cakephp/cake/libs/debugger.php, line 684]
2011-05-25 01:01:25 Notice: Notice (1024): Please change the value of 'Security.cipherSeed' in app/config/core.php to a numeric (digits only) seed value specific to your application in [/var/www/cakephp/cake/libs/debugger.php, line 688]
2011-05-30 02:41:14 Notice: Notice (1024): Please change the value of 'Security.salt' in app/config/core.php to a salt value specific to your application in [/var/www/cakephp/cake/libs/debugger.php, line 684]
2011-05-30 02:41:14 Notice: Notice (1024): Please change the value of 'Security.cipherSeed' in app/config/core.php to a numeric (digits only) seed value specific to your application in [/var/www/cakephp/cake/libs/debugger.php, line 688]
2011-05-30 03:31:50 Notice: Notice (8): session_start(): ps_files_cleanup_dir: opendir(/var/lib/php5) failed: Permission denied (13) in [/var/www/cakephp/cake/libs/cake_session.php, line 587]
2011-06-07 11:49:42 Notice: Notice (8): Undefined index: photo in [/var/www/cakephp/museu/views/gallery/index.ctp, line 12]
2011-06-07 11:51:08 Notice: Notice (8): Undefined index: photo in [/var/www/cakephp/museu/views/gallery/index.ctp, line 12]
2011-06-07 11:52:20 Notice: Notice (8): Undefined index: photo in [/var/www/cakephp/museu/views/gallery/index.ctp, line 12]
2011-07-21 10:46:04 Notice: Notice (1024): Please change the value of 'Security.salt' in app/config/core.php to a salt value specific to your application in [/var/www/cakephp/cake/libs/debugger.php, line 684]
2011-07-21 10:46:04 Notice: Notice (1024): Please change the value of 'Security.cipherSeed' in app/config/core.php to a numeric (digits only) seed value specific to your application in [/var/www/cakephp/cake/libs/debugger.php, line 688]
2011-07-21 10:46:21 Notice: Notice (1024): Please change the value of 'Security.salt' in app/config/core.php to a salt value specific to your application in [/var/www/cakephp/cake/libs/debugger.php, line 684]
2011-07-21 10:46:21 Notice: Notice (1024): Please change the value of 'Security.cipherSeed' in app/config/core.php to a numeric (digits only) seed value specific to your application in [/var/www/cakephp/cake/libs/debugger.php, line 688]
2011-07-21 10:53:05 Notice: Notice (1024): Please change the value of 'Security.salt' in app/config/core.php to a salt value specific to your application in [/var/www/cakephp/cake/libs/debugger.php, line 684]
2011-07-21 10:53:05 Notice: Notice (1024): Please change the value of 'Security.cipherSeed' in app/config/core.php to a numeric (digits only) seed value specific to your application in [/var/www/cakephp/cake/libs/debugger.php, line 688]
2011-07-21 12:05:16 Notice: Notice (1024): Please change the value of 'Security.salt' in app/config/core.php to a salt value specific to your application in [/var/www/cakephp/cake/libs/debugger.php, line 684]
2011-07-21 12:05:16 Notice: Notice (1024): Please change the value of 'Security.cipherSeed' in app/config/core.php to a numeric (digits only) seed value specific to your application in [/var/www/cakephp/cake/libs/debugger.php, line 688]
2011-07-21 12:05:26 Notice: Notice (1024): Please change the value of 'Security.salt' in app/config/core.php to a salt value specific to your application in [/var/www/cakephp/cake/libs/debugger.php, line 684]
2011-07-21 12:05:26 Notice: Notice (1024): Please change the value of 'Security.cipherSeed' in app/config/core.php to a numeric (digits only) seed value specific to your application in [/var/www/cakephp/cake/libs/debugger.php, line 688]
